0 info it worked if it ends with ok
1 verbose cli [ '/Users/ejiqpep/.nvm/versions/node/v6.9.4/bin/node',
1 verbose cli   '/Users/ejiqpep/.nvm/versions/node/v6.9.4/bin/npm',
1 verbose cli   'run',
1 verbose cli   'lint:watch' ]
2 info using npm@3.10.10
3 info using node@v6.9.4
4 verbose run-script [ 'prelint:watch', 'lint:watch', 'postlint:watch' ]
5 info lifecycle eslint-01@1.0.0~prelint:watch: eslint-01@1.0.0
6 silly lifecycle eslint-01@1.0.0~prelint:watch: no script for prelint:watch, continuing
7 info lifecycle eslint-01@1.0.0~lint:watch: eslint-01@1.0.0
8 verbose lifecycle eslint-01@1.0.0~lint:watch: unsafe-perm in lifecycle true
9 verbose lifecycle eslint-01@1.0.0~lint:watch: PATH: /Users/ejiqpep/.nvm/versions/node/v6.9.4/lib/node_modules/npm/bin/node-gyp-bin:/Users/ejiqpep/Projects/tmp/eslint-01/node_modules/.bin:/Users/ejiqpep/.nvm/versions/node/v6.9.4/bin:/Users/ejiqpep/.dotfiles/bin:/usr/local/sbin:/usr/local/bin:/Users/ejiqpep/.dotfiles/bin:/usr/local/sbin:/usr/local/bin:/usr/local/bin:/usr/bin:/bin:/usr/sbin:/sbin
10 verbose lifecycle eslint-01@1.0.0~lint:watch: CWD: /Users/ejiqpep/Projects/tmp/eslint-01
11 silly lifecycle eslint-01@1.0.0~lint:watch: Args: [ '-c', 'esw main.js -w' ]
12 silly lifecycle eslint-01@1.0.0~lint:watch: Returned: code: 1  signal: null
13 info lifecycle eslint-01@1.0.0~lint:watch: Failed to exec lint:watch script
14 verbose stack Error: eslint-01@1.0.0 lint:watch: `esw main.js -w`
14 verbose stack Exit status 1
14 verbose stack     at EventEmitter.<anonymous> (/Users/ejiqpep/.nvm/versions/node/v6.9.4/lib/node_modules/npm/lib/utils/lifecycle.js:255:16)
14 verbose stack     at emitTwo (events.js:106:13)
14 verbose stack     at EventEmitter.emit (events.js:191:7)
14 verbose stack     at ChildProcess.<anonymous> (/Users/ejiqpep/.nvm/versions/node/v6.9.4/lib/node_modules/npm/lib/utils/spawn.js:40:14)
14 verbose stack     at emitTwo (events.js:106:13)
14 verbose stack     at ChildProcess.emit (events.js:191:7)
14 verbose stack     at maybeClose (internal/child_process.js:877:16)
14 verbose stack     at Process.ChildProcess._handle.onexit (internal/child_process.js:226:5)
15 verbose pkgid eslint-01@1.0.0
16 verbose cwd /Users/ejiqpep/Projects/tmp/eslint-01
17 error Darwin 16.4.0
18 error argv "/Users/ejiqpep/.nvm/versions/node/v6.9.4/bin/node" "/Users/ejiqpep/.nvm/versions/node/v6.9.4/bin/npm" "run" "lint:watch"
19 error node v6.9.4
20 error npm  v3.10.10
21 error code ELIFECYCLE
22 error eslint-01@1.0.0 lint:watch: `esw main.js -w`
22 error Exit status 1
23 error Failed at the eslint-01@1.0.0 lint:watch script 'esw main.js -w'.
23 error Make sure you have the latest version of node.js and npm installed.
23 error If you do, this is most likely a problem with the eslint-01 package,
23 error not with npm itself.
23 error Tell the author that this fails on your system:
23 error     esw main.js -w
23 error You can get information on how to open an issue for this project with:
23 error     npm bugs eslint-01
23 error Or if that isn't available, you can get their info via:
23 error     npm owner ls eslint-01
23 error There is likely additional logging output above.
24 verbose exit [ 1, true ]
